build/app/intermediates/manifest_merge_blame_file/debug/manifest-merger-blame-debug-report.txt
1<?xml version="1.0" encoding="utf-8"?>
2<manifest xmlns:android="http://schemas.android.com/apk/res/android"
3    package="com.example.hotel_system_app"
4    android:versionCode="1"
5    android:versionName="1.0.0" >
6
7    <uses-sdk
8        android:minSdkVersion="16"
9        android:targetSdkVersion="30" />
10    <!--
11         Flutter needs it to communicate with the running application
12         to allow setting breakpoints, to provide hot reload, etc.
13    -->
14    <uses-permission android:name="android.permission.INTERNET" />
14-->src/debug/AndroidManifest.xml:6:5-66
14-->src/debug/AndroidManifest.xml:6:22-64
15    <uses-permission android:name="android.permission.READ_EXTERNAL_STORAGE" />
15-->[:file_picker] AndroidManifest.xml:9:5-80
15-->[:file_picker] AndroidManifest.xml:9:22-77
16
17    <queries>
17-->[:file_picker] AndroidManifest.xml:11:5-17:15
18        <intent>
18-->[:file_picker] AndroidManifest.xml:12:9-16:18
19            <action android:name="android.intent.action.GET_CONTENT" />
19-->[:file_picker] AndroidManifest.xml:13:13-72
19-->[:file_picker] AndroidManifest.xml:13:21-69
20
21            <data android:mimeType="*/*" />
21-->[:file_picker] AndroidManifest.xml:15:13-44
21-->[:file_picker] AndroidManifest.xml:15:19-41
22        </intent>
23    </queries>
24
25    <application
25-->src/main/AndroidManifest.xml:3:4-40:19
26        android:appComponentFactory="androidx.core.app.CoreComponentFactory"
26-->[androidx.core:core:1.6.0] AndroidManifest.xml:24:18-86
27        android:debuggable="true"
28        android:icon="@mipmap/ic_launcher"
28-->src/main/AndroidManifest.xml:5:9-43
29        android:label="hotel_system_app" >
29-->src/main/AndroidManifest.xml:4:9-41
30        <activity
30-->src/main/AndroidManifest.xml:6:9-34:20
31            android:name="com.example.hotel_system_app.MainActivity"
31-->src/main/AndroidManifest.xml:7:13-41
32            android:configChanges="orientation|keyboardHidden|keyboard|screenSize|smallestScreenSize|locale|layoutDirection|fontScale|screenLayout|density|uiMode"
32-->src/main/AndroidManifest.xml:10:13-163
33            android:hardwareAccelerated="true"
33-->src/main/AndroidManifest.xml:11:13-47
34            android:launchMode="singleTop"
34-->src/main/AndroidManifest.xml:8:13-43
35            android:theme="@style/LaunchTheme"
35-->src/main/AndroidManifest.xml:9:13-47
36            android:windowSoftInputMode="adjustResize" >
36-->src/main/AndroidManifest.xml:12:13-55
37
38            <!--
39                 Specifies an Android theme to apply to this Activity as soon as
40                 the Android process has started. This theme is visible to the user
41                 while the Flutter UI initializes. After that, this theme continues
42                 to determine the Window background behind the Flutter UI.
43            -->
44            <meta-data
44-->src/main/AndroidManifest.xml:17:13-20:17
45                android:name="io.flutter.embedding.android.NormalTheme"
45-->src/main/AndroidManifest.xml:18:15-70
46                android:resource="@style/NormalTheme" />
46-->src/main/AndroidManifest.xml:19:15-52
47            <!--
48                 Displays an Android View that continues showing the launch screen
49                 Drawable until Flutter paints its first frame, then this splash
50                 screen fades out. A splash screen is useful to avoid any visual
51                 gap between the end of Android's launch screen and the painting of
52                 Flutter's first frame.
53            -->
54            <meta-data
54-->src/main/AndroidManifest.xml:26:13-29:17
55                android:name="io.flutter.embedding.android.SplashScreenDrawable"
55-->src/main/AndroidManifest.xml:27:15-79
56                android:resource="@drawable/launch_background" />
56-->src/main/AndroidManifest.xml:28:15-61
57
58            <intent-filter>
58-->src/main/AndroidManifest.xml:30:13-33:29
59                <action android:name="android.intent.action.MAIN" />
59-->src/main/AndroidManifest.xml:31:17-68
59-->src/main/AndroidManifest.xml:31:25-66
60
61                <category android:name="android.intent.category.LAUNCHER" />
61-->src/main/AndroidManifest.xml:32:17-76
61-->src/main/AndroidManifest.xml:32:27-74
62            </intent-filter>
63        </activity>
64        <!--
65             Don't delete the meta-data below.
66             This is used by the Flutter tool to generate GeneratedPluginRegistrant.java
67        -->
68        <meta-data
68-->src/main/AndroidManifest.xml:37:9-39:33
69            android:name="flutterEmbedding"
69-->src/main/AndroidManifest.xml:38:13-44
70            android:value="2" />
70-->src/main/AndroidManifest.xml:39:13-30
71
72        <uses-library
72-->[androidx.window:window:1.0.0-beta04] AndroidManifest.xml:25:9-27:40
73            android:name="androidx.window.extensions"
73-->[androidx.window:window:1.0.0-beta04] AndroidManifest.xml:26:13-54
74            android:required="false" />
74-->[androidx.window:window:1.0.0-beta04] AndroidManifest.xml:27:13-37
75        <uses-library
75-->[androidx.window:window:1.0.0-beta04] AndroidManifest.xml:28:9-30:40
76            android:name="androidx.window.sidecar"
76-->[androidx.window:window:1.0.0-beta04] AndroidManifest.xml:29:13-51
77            android:required="false" />
77-->[androidx.window:window:1.0.0-beta04] AndroidManifest.xml:30:13-37
78    </application>
79
80</manifest>